<?xml version="1.0" encoding="UTF-8"?>
<!-- Generated by org.testng.reporters.JUnitReportReporter -->
<testsuite ignored="0" hostname="JYOTHI" failures="0" tests="9" name="salesforce.runner.TestNgSuiteRunner" time="0.569" errors="0" timestamp="07 Jun 2021 14:49:20 GMT" skipped="0">
  <testcase classname="salesforce.runner.TestNgSuiteRunner" name="runScenario" time="0.047"/>
  <testcase classname="salesforce.runner.TestNgSuiteRunner" name="runScenario" time="0.041"/>
  <testcase classname="salesforce.runner.TestNgSuiteRunner" name="runScenario" time="0.036"/>
  <testcase classname="salesforce.runner.TestNgSuiteRunner" name="runScenario" time="0.193"/>
  <testcase classname="salesforce.runner.TestNgSuiteRunner" name="runScenario" time="0.038"/>
  <testcase classname="salesforce.runner.TestNgSuiteRunner" name="runScenario" time="0.060"/>
  <testcase classname="salesforce.runner.TestNgSuiteRunner" name="runScenario" time="0.058"/>
  <testcase classname="salesforce.runner.TestNgSuiteRunner" name="runScenario" time="0.045"/>
  <testcase classname="salesforce.runner.TestNgSuiteRunner" name="runScenario" time="0.051"/>
</testsuite> <!-- salesforce.runner.TestNgSuiteRunner -->
